E:\sqlany\data\service_sync_db.py  > start
sqlanydb.Error 未找到数据库服务器
sqlanydb.Error 未找到数据库服务器
sqlanydb.Error 未找到数据库服务器
sqlanydb.Error 未找到数据库服务器
sqlanydb.Error 未找到数据库服务器
sqlanydb.Error 未找到数据库服务器
sqlanydb.Error 未找到数据库服务器
sqlanydb.Error 未找到数据库服务器
sqlanydb.Error 未找到数据库服务器
sqlanydb.Error 未找到数据库服务器
sqlanydb.Error 未找到数据库服务器
sqlanydb.Error 未找到数据库服务器
sqlanydb.Error 未找到数据库服务器
sqlanydb.Error 未找到数据库服务器
sqlanydb.Error 未找到数据库服务器
sqlanydb.Error 未找到数据库服务器
sqlanydb.Error 未找到数据库服务器
sqlanydb.Error 未找到数据库服务器
sqlanydb.Error 未找到数据库服务器
sqlanydb.Error 未找到数据库服务器
sqlanydb.Error 未找到数据库服务器
sqlanydb.Error 未找到数据库服务器
sqlanydb.Error 未找到数据库服务器
sqlanydb.Error 未找到数据库服务器
sqlanydb.Error 未找到数据库服务器
sqlanydb.Error 未找到数据库服务器
sqlanydb.Error 未找到数据库服务器
sqlanydb.Error 未找到数据库服务器
sqlanydb.Error 未找到数据库服务器
sqlanydb.Error 未找到数据库服务器
sqlanydb.Error 未找到数据库服务器
sqlanydb.Error 未找到数据库服务器
sqlanydb.Error 未找到数据库服务器
sqlanydb.Error 未找到数据库服务器
sqlanydb.Error 未找到数据库服务器
sqlanydb.Error 未找到数据库服务器
sqlanydb.Error 未找到数据库服务器
sqlanydb.Error 未找到数据库服务器
sqlanydb.Error 未找到数据库服务器
sqlanydb.Error 未找到数据库服务器
sqlanydb.Error 未找到数据库服务器
sqlanydb.Error 未找到数据库服务器
sqlanydb.Error 未找到数据库服务器
sqlanydb.Error 未找到数据库服务器
sqlanydb.Error 未找到数据库服务器
sqlanydb.Error 未找到数据库服务器
sqlanydb.Error 未找到数据库服务器
sqlanydb.Error 未找到数据库服务器
sqlanydb.Error 未找到数据库服务器
sqlanydb.Error 未找到数据库服务器
sqlanydb.Error 未找到数据库服务器
sqlanydb.Error 未找到数据库服务器
sqlanydb.Error 未找到数据库服务器
sqlanydb.Error 未找到数据库服务器
sqlanydb.Error 未找到数据库服务器
sqlanydb.Error 未找到数据库服务器
sqlanydb.Error 未找到数据库服务器
sqlanydb.Error 未找到数据库服务器
sqlanydb.Error 未找到数据库服务器
sqlanydb.Error 未找到数据库服务器
sqlanydb.Error 未找到数据库服务器
sqlanydb.Error 未找到数据库服务器
sqlanydb.Error 未找到数据库服务器
sqlanydb.Error 未找到数据库服务器
sqlanydb.Error 未找到数据库服务器
sqlanydb.Error 未找到数据库服务器
sqlanydb.Error 未找到数据库服务器
sqlanydb.Error 未找到数据库服务器
sqlanydb.Error 未找到数据库服务器
sqlanydb.Error 未找到数据库服务器
sqlanydb.Error 未找到数据库服务器
sqlanydb.Error 未找到数据库服务器
sqlanydb.Error 未找到数据库服务器
sqlanydb.Error 未找到数据库服务器
sqlanydb.Error 未找到数据库服务器
sqlanydb.Error 未找到数据库服务器
sqlanydb.Error 未找到数据库服务器
sqlanydb.Error 未找到数据库服务器
sqlanydb.Error 未找到数据库服务器
sqlanydb.Error 未找到数据库服务器
sqlanydb.Error 未找到数据库服务器
sync_items: R(1), D(0)
sync_salesorders: R(1)
CJ > ts: 2014-07-23 22:12:06.175000, 1707313 < rng <= 1707315, ms: 151
sync_items: R(1), D(0)
sync_salesorders: R(1)
CJ > ts: 2014-07-23 22:14:48.250000, 1707317 < rng <= 1707321, ms: 62
sync_items: R(1), D(0)
sync_salesorders: R(1)
CJ > ts: 2014-07-23 22:17:14.294000, 1707321 < rng <= 1707325, ms: 70
sync_items: R(1), D(0)
sync_salesorders: R(1)
CJ > ts: 2014-07-23 22:18:00.940000, 1707325 < rng <= 1707329, ms: 101
